Performing C++ SOURCE FILE Test CMAKE_HAVE_LIBC_PTHREAD failed with the following output:
Change Dir: /home/viktor/Viktor/RPO_Files/Lab_1_0/libs/spdlog/build/x86_64/CMakeFiles/CMakeTmp

Run Build Command(s):/usr/bin/make -f Makefile cmTC_32111/fast && /usr/bin/make  -f CMakeFiles/cmTC_32111.dir/build.make CMakeFiles/cmTC_32111.dir/build
make[1]: вход в каталог «/home/viktor/Viktor/RPO_Files/Lab_1_0/libs/spdlog/build/x86_64/CMakeFiles/CMakeTmp»
Building CXX object CMakeFiles/cmTC_32111.dir/src.cxx.o
/home/viktor/Android/Sdk/ndk/23.1.7779620/toolchains/llvm/prebuilt/linux-x86_64/bin/clang++ --target=x86_64-none-linux-android21 --sysroot=/home/viktor/Android/Sdk/ndk/23.1.7779620/toolchains/llvm/prebuilt/linux-x86_64/sysroot -DCMAKE_HAVE_LIBC_PTHREAD  -DEBUG  -O2 -g -DNDEBUG -fPIE -std=c++11 -MD -MT CMakeFiles/cmTC_32111.dir/src.cxx.o -MF CMakeFiles/cmTC_32111.dir/src.cxx.o.d -o CMakeFiles/cmTC_32111.dir/src.cxx.o -c /home/viktor/Viktor/RPO_Files/Lab_1_0/libs/spdlog/build/x86_64/CMakeFiles/CMakeTmp/src.cxx
/home/viktor/Viktor/RPO_Files/Lab_1_0/libs/spdlog/build/x86_64/CMakeFiles/CMakeTmp/src.cxx:13:3: error: use of undeclared identifier 'pthread_cancel'
  pthread_cancel(thread);
  ^
1 error generated.
make[1]: *** [CMakeFiles/cmTC_32111.dir/build.make:79: CMakeFiles/cmTC_32111.dir/src.cxx.o] Ошибка 1
make[1]: выход из каталога «/home/viktor/Viktor/RPO_Files/Lab_1_0/libs/spdlog/build/x86_64/CMakeFiles/CMakeTmp»
make: *** [Makefile:127: cmTC_32111/fast] Ошибка 2


Source file was:
#include <pthread.h>

static void* test_func(void* data)
{
  return data;
}

int main(void)
{
  pthread_t thread;
  pthread_create(&thread, NULL, test_func, NULL);
  pthread_detach(thread);
  pthread_cancel(thread);
  pthread_join(thread, NULL);
  pthread_atfork(NULL, NULL, NULL);
  pthread_exit(NULL);

  return 0;
}

Determining if the function pthread_create exists in the pthreads failed with the following output:
Change Dir: /home/viktor/Viktor/RPO_Files/Lab_1_0/libs/spdlog/build/x86_64/CMakeFiles/CMakeTmp

Run Build Command(s):/usr/bin/make -f Makefile cmTC_b6956/fast && /usr/bin/make  -f CMakeFiles/cmTC_b6956.dir/build.make CMakeFiles/cmTC_b6956.dir/build
make[1]: вход в каталог «/home/viktor/Viktor/RPO_Files/Lab_1_0/libs/spdlog/build/x86_64/CMakeFiles/CMakeTmp»
Building CXX object CMakeFiles/cmTC_b6956.dir/CheckFunctionExists.cxx.o
/home/viktor/Android/Sdk/ndk/23.1.7779620/toolchains/llvm/prebuilt/linux-x86_64/bin/clang++ --target=x86_64-none-linux-android21 --sysroot=/home/viktor/Android/Sdk/ndk/23.1.7779620/toolchains/llvm/prebuilt/linux-x86_64/sysroot   -DEBUG -DCHECK_FUNCTION_EXISTS=pthread_create -O2 -g -DNDEBUG -fPIE -std=c++11 -MD -MT CMakeFiles/cmTC_b6956.dir/CheckFunctionExists.cxx.o -MF CMakeFiles/cmTC_b6956.dir/CheckFunctionExists.cxx.o.d -o CMakeFiles/cmTC_b6956.dir/CheckFunctionExists.cxx.o -c /home/viktor/Viktor/RPO_Files/Lab_1_0/libs/spdlog/build/x86_64/CMakeFiles/CheckLibraryExists/CheckFunctionExists.cxx
Linking CXX executable cmTC_b6956
/snap/cmake/1005/bin/cmake -E cmake_link_script CMakeFiles/cmTC_b6956.dir/link.txt --verbose=1
/home/viktor/Android/Sdk/ndk/23.1.7779620/toolchains/llvm/prebuilt/linux-x86_64/bin/clang++ --target=x86_64-none-linux-android21 --sysroot=/home/viktor/Android/Sdk/ndk/23.1.7779620/toolchains/llvm/prebuilt/linux-x86_64/sysroot -DEBUG -DCHECK_FUNCTION_EXISTS=pthread_create -O2 -g -DNDEBUG -Wl,--build-id=sha1 -Wl,--no-rosegment -Wl,--fatal-warnings -Qunused-arguments -Wl,--no-undefined  -Wl,--gc-sections  CMakeFiles/cmTC_b6956.dir/CheckFunctionExists.cxx.o -o cmTC_b6956  -lpthreads  -static-libstdc++ -latomic -lm 
ld: error: unable to find library -lpthreads
clang-12: error: linker command failed with exit code 1 (use -v to see invocation)
make[1]: *** [CMakeFiles/cmTC_b6956.dir/build.make:100: cmTC_b6956] Ошибка 1
make[1]: выход из каталога «/home/viktor/Viktor/RPO_Files/Lab_1_0/libs/spdlog/build/x86_64/CMakeFiles/CMakeTmp»
make: *** [Makefile:127: cmTC_b6956/fast] Ошибка 2



Determining if the function pthread_create exists in the pthread failed with the following output:
Change Dir: /home/viktor/Viktor/RPO_Files/Lab_1_0/libs/spdlog/build/x86_64/CMakeFiles/CMakeTmp

Run Build Command(s):/usr/bin/make -f Makefile cmTC_204d5/fast && /usr/bin/make  -f CMakeFiles/cmTC_204d5.dir/build.make CMakeFiles/cmTC_204d5.dir/build
make[1]: вход в каталог «/home/viktor/Viktor/RPO_Files/Lab_1_0/libs/spdlog/build/x86_64/CMakeFiles/CMakeTmp»
Building CXX object CMakeFiles/cmTC_204d5.dir/CheckFunctionExists.cxx.o
/home/viktor/Android/Sdk/ndk/23.1.7779620/toolchains/llvm/prebuilt/linux-x86_64/bin/clang++ --target=x86_64-none-linux-android21 --sysroot=/home/viktor/Android/Sdk/ndk/23.1.7779620/toolchains/llvm/prebuilt/linux-x86_64/sysroot   -DEBUG -DCHECK_FUNCTION_EXISTS=pthread_create -O2 -g -DNDEBUG -fPIE -std=c++11 -MD -MT CMakeFiles/cmTC_204d5.dir/CheckFunctionExists.cxx.o -MF CMakeFiles/cmTC_204d5.dir/CheckFunctionExists.cxx.o.d -o CMakeFiles/cmTC_204d5.dir/CheckFunctionExists.cxx.o -c /home/viktor/Viktor/RPO_Files/Lab_1_0/libs/spdlog/build/x86_64/CMakeFiles/CheckLibraryExists/CheckFunctionExists.cxx
Linking CXX executable cmTC_204d5
/snap/cmake/1005/bin/cmake -E cmake_link_script CMakeFiles/cmTC_204d5.dir/link.txt --verbose=1
/home/viktor/Android/Sdk/ndk/23.1.7779620/toolchains/llvm/prebuilt/linux-x86_64/bin/clang++ --target=x86_64-none-linux-android21 --sysroot=/home/viktor/Android/Sdk/ndk/23.1.7779620/toolchains/llvm/prebuilt/linux-x86_64/sysroot -DEBUG -DCHECK_FUNCTION_EXISTS=pthread_create -O2 -g -DNDEBUG -Wl,--build-id=sha1 -Wl,--no-rosegment -Wl,--fatal-warnings -Qunused-arguments -Wl,--no-undefined  -Wl,--gc-sections  CMakeFiles/cmTC_204d5.dir/CheckFunctionExists.cxx.o -o cmTC_204d5  -lpthread  -static-libstdc++ -latomic -lm 
ld: error: unable to find library -lpthread
clang-12: error: linker command failed with exit code 1 (use -v to see invocation)
make[1]: *** [CMakeFiles/cmTC_204d5.dir/build.make:100: cmTC_204d5] Ошибка 1
make[1]: выход из каталога «/home/viktor/Viktor/RPO_Files/Lab_1_0/libs/spdlog/build/x86_64/CMakeFiles/CMakeTmp»
make: *** [Makefile:127: cmTC_204d5/fast] Ошибка 2



